app/build/intermediates/manifest_merge_blame_file/release/processReleaseMainManifest/manifest-merger-blame-release-report.txt
1<?xml version="1.0" encoding="utf-8"?>
2<manifest xmlns:android="http://schemas.android.com/apk/res/android"
3    package="com.ekodex.manpowerhrms"
4    android:versionCode="16"
5    android:versionName="1.0.8" >
6
7    <uses-sdk
8        android:minSdkVersion="23"
9        android:targetSdkVersion="35" />
10
11    <uses-permission android:name="android.permission.INTERNET" />
11-->src\main\AndroidManifest.xml:6:5-67
11-->src\main\AndroidManifest.xml:6:22-64
12    <uses-permission android:name="android.permission.ACCESS_NETWORK_STATE" />
12-->src\main\AndroidManifest.xml:7:5-79
12-->src\main\AndroidManifest.xml:7:22-76
13    <uses-permission
13-->src\main\AndroidManifest.xml:10:5-12:38
14        android:name="android.permission.WRITE_EXTERNAL_STORAGE"
14-->src\main\AndroidManifest.xml:11:9-65
15        android:maxSdkVersion="28" />
15-->src\main\AndroidManifest.xml:12:9-35
16    <uses-permission android:name="android.permission.READ_EXTERNAL_STORAGE" />
16-->src\main\AndroidManifest.xml:13:5-80
16-->src\main\AndroidManifest.xml:13:22-77
17    <uses-permission android:name="android.permission.POST_NOTIFICATIONS" />
17-->src\main\AndroidManifest.xml:16:5-77
17-->src\main\AndroidManifest.xml:16:22-74
18    <uses-permission android:name="android.permission.READ_MEDIA_AUDIO" />
18-->src\main\AndroidManifest.xml:17:5-75
18-->src\main\AndroidManifest.xml:17:22-72
19    <uses-permission android:name="android.permission.WAKE_LOCK" /> <!-- Required by older versions of Google Play services to create IID tokens -->
19-->[com.google.firebase:firebase-messaging:24.0.1] AndroidManifest.xml:24:5-68
19-->[com.google.firebase:firebase-messaging:24.0.1] AndroidManifest.xml:24:22-65
20    <uses-permission android:name="com.google.android.c2dm.permission.RECEIVE" />
20-->[com.google.firebase:firebase-messaging:24.0.1] AndroidManifest.xml:26:5-82
20-->[com.google.firebase:firebase-messaging:24.0.1] AndroidManifest.xml:26:22-79
21    <uses-permission android:name="com.google.android.gms.permission.AD_ID" />
21-->[com.google.android.gms:play-services-measurement-api:21.1.1] AndroidManifest.xml:25:5-79
21-->[com.google.android.gms:play-services-measurement-api:21.1.1] AndroidManifest.xml:25:22-76
22
23    <queries>
23-->[com.github.dhaval2404:imagepicker:2.1] AndroidManifest.xml:9:5-19:15
24
25        <!-- Query Camera Packages -->
26        <intent>
26-->[com.github.dhaval2404:imagepicker:2.1] AndroidManifest.xml:12:9-14:18
27            <action android:name="android.media.action.IMAGE_CAPTURE" />
27-->[com.github.dhaval2404:imagepicker:2.1] AndroidManifest.xml:13:13-73
27-->[com.github.dhaval2404:imagepicker:2.1] AndroidManifest.xml:13:21-70
28        </intent>
29        <!-- Query Open Document -->
30        <intent>
30-->[com.github.dhaval2404:imagepicker:2.1] AndroidManifest.xml:16:9-18:18
31            <action android:name="android.intent.action.OPEN_DOCUMENT_TREE" />
31-->[com.github.dhaval2404:imagepicker:2.1] AndroidManifest.xml:17:13-79
31-->[com.github.dhaval2404:imagepicker:2.1] AndroidManifest.xml:17:21-76
32        </intent>
33    </queries>
34
35    <uses-permission android:name="com.google.android.finsky.permission.BIND_GET_INSTALL_REFERRER_SERVICE" />
35-->[com.google.android.gms:play-services-measurement:21.1.1] AndroidManifest.xml:26:5-110
35-->[com.google.android.gms:play-services-measurement:21.1.1] AndroidManifest.xml:26:22-107
36
37    <permission
37-->[androidx.core:core:1.13.1] AndroidManifest.xml:22:5-24:47
38        android:name="com.ekodex.manpowerhrms.DYNAMIC_RECEIVER_NOT_EXPORTED_PERMISSION"
38-->[androidx.core:core:1.13.1] AndroidManifest.xml:23:9-81
39        android:protectionLevel="signature" />
39-->[androidx.core:core:1.13.1] AndroidManifest.xml:24:9-44
40
41    <uses-permission android:name="com.ekodex.manpowerhrms.DYNAMIC_RECEIVER_NOT_EXPORTED_PERMISSION" />
41-->[androidx.core:core:1.13.1] AndroidManifest.xml:26:5-97
41-->[androidx.core:core:1.13.1] AndroidManifest.xml:26:22-94
42
43    <application
43-->src\main\AndroidManifest.xml:19:5-100:19
44        android:allowBackup="true"
44-->src\main\AndroidManifest.xml:20:9-35
45        android:appComponentFactory="androidx.core.app.CoreComponentFactory"
45-->[androidx.core:core:1.13.1] AndroidManifest.xml:28:18-86
46        android:dataExtractionRules="@xml/data_extraction_rules"
46-->src\main\AndroidManifest.xml:21:9-65
47        android:extractNativeLibs="false"
48        android:fullBackupContent="@xml/backup_rules"
48-->src\main\AndroidManifest.xml:22:9-54
49        android:icon="@mipmap/ic_launcher"
49-->src\main\AndroidManifest.xml:23:9-43
50        android:label="@string/app_name"
50-->src\main\AndroidManifest.xml:24:9-41
51        android:networkSecurityConfig="@xml/network_security_config"
51-->src\main\AndroidManifest.xml:29:9-69
52        android:roundIcon="@mipmap/ic_launcher_round"
52-->src\main\AndroidManifest.xml:25:9-54
53        android:supportsRtl="true"
53-->src\main\AndroidManifest.xml:26:9-35
54        android:theme="@style/Theme.HRMS" >
54-->src\main\AndroidManifest.xml:27:9-42
55        <activity
55-->src\main\AndroidManifest.xml:30:9-36:20
56            android:name="com.ekodex.manpowerhrms.Forgot_Password.ForgotPasswordActivity"
56-->src\main\AndroidManifest.xml:31:13-67
57            android:exported="false" >
57-->src\main\AndroidManifest.xml:32:13-37
58            <meta-data
58-->src\main\AndroidManifest.xml:33:13-35:36
59                android:name="android.app.lib_name"
59-->src\main\AndroidManifest.xml:34:17-52
60                android:value="" />
60-->src\main\AndroidManifest.xml:35:17-33
61        </activity>
62        <activity
62-->src\main\AndroidManifest.xml:37:9-50:20
63            android:name="com.ekodex.manpowerhrms.Splash_Screen.SplashScreenActivity"
63-->src\main\AndroidManifest.xml:38:13-63
64            android:exported="true"
64-->src\main\AndroidManifest.xml:39:13-36
65            android:screenOrientation="portrait" >
65-->src\main\AndroidManifest.xml:40:13-49
66            <intent-filter>
66-->src\main\AndroidManifest.xml:41:13-45:29
67                <action android:name="android.intent.action.MAIN" />
67-->src\main\AndroidManifest.xml:42:17-69
67-->src\main\AndroidManifest.xml:42:25-66
68
69                <category android:name="android.intent.category.LAUNCHER" />
69-->src\main\AndroidManifest.xml:44:17-77
69-->src\main\AndroidManifest.xml:44:27-74
70            </intent-filter>
71
72            <meta-data
72-->src\main\AndroidManifest.xml:33:13-35:36
73                android:name="android.app.lib_name"
73-->src\main\AndroidManifest.xml:34:17-52
74                android:value="" />
74-->src\main\AndroidManifest.xml:35:17-33
75        </activity>
76        <activity
76-->src\main\AndroidManifest.xml:51:9-58:20
77            android:name="com.ekodex.manpowerhrms.Login.LoginActivity"
77-->src\main\AndroidManifest.xml:52:13-48
78            android:exported="false"
78-->src\main\AndroidManifest.xml:53:13-37
79            android:screenOrientation="portrait" >
79-->src\main\AndroidManifest.xml:54:13-49
80            <meta-data
80-->src\main\AndroidManifest.xml:33:13-35:36
81                android:name="android.app.lib_name"
81-->src\main\AndroidManifest.xml:34:17-52
82                android:value="" />
82-->src\main\AndroidManifest.xml:35:17-33
83        </activity>
84        <activity
84-->src\main\AndroidManifest.xml:59:9-66:20
85            android:name="com.ekodex.manpowerhrms.MainActivity"
85-->src\main\AndroidManifest.xml:60:13-41
86            android:exported="false"
86-->src\main\AndroidManifest.xml:61:13-37
87            android:screenOrientation="portrait" >
87-->src\main\AndroidManifest.xml:62:13-49
88            <meta-data
88-->src\main\AndroidManifest.xml:33:13-35:36
89                android:name="android.app.lib_name"
89-->src\main\AndroidManifest.xml:34:17-52
90                android:value="" />
90-->src\main\AndroidManifest.xml:35:17-33
91        </activity>
92        <activity
92-->src\main\AndroidManifest.xml:68:9-71:45
93            android:name="com.github.dhaval2404.imagepicker.ImagePickerActivity"
93-->src\main\AndroidManifest.xml:69:13-81
94            android:screenOrientation="unspecified"
94-->[com.github.dhaval2404:imagepicker:2.1] AndroidManifest.xml:24:13-52
95            android:theme="@style/Theme.ImagePicker.NoEdgeToEdge" />
95-->src\main\AndroidManifest.xml:70:13-66
96        <activity
96-->src\main\AndroidManifest.xml:73:9-77:43
97            android:name="com.yalantis.ucrop.UCropActivity"
97-->src\main\AndroidManifest.xml:74:13-60
98            android:screenOrientation="portrait"
98-->[com.github.dhaval2404:imagepicker:2.1] AndroidManifest.xml:28:13-49
99            android:theme="@style/Theme.ImagePicker.NoEdgeToEdge" />
99-->src\main\AndroidManifest.xml:75:13-66
100
101        <receiver
101-->src\main\AndroidManifest.xml:78:9-80:37
102            android:name="com.ekodex.manpowerhrms.OpenCsvReceiver"
102-->src\main\AndroidManifest.xml:79:13-44
103            android:enabled="true" />
103-->src\main\AndroidManifest.xml:80:13-35
104
105        <provider
105-->src\main\AndroidManifest.xml:82:9-90:20
106            android:name="androidx.core.content.FileProvider"
106-->src\main\AndroidManifest.xml:83:13-62
107            android:authorities="com.ekodex.manpowerhrms.fileprovider"
107-->src\main\AndroidManifest.xml:84:13-71
108            android:exported="false"
108-->src\main\AndroidManifest.xml:85:13-37
109            android:grantUriPermissions="true" >
109-->src\main\AndroidManifest.xml:86:13-47
110            <meta-data
110-->src\main\AndroidManifest.xml:87:13-89:57
111                android:name="android.support.FILE_PROVIDER_PATHS"
111-->src\main\AndroidManifest.xml:88:17-67
112                android:resource="@xml/provider_path" />
112-->src\main\AndroidManifest.xml:89:17-54
113        </provider>
114
115        <service
115-->src\main\AndroidManifest.xml:92:9-98:19
116            android:name="com.ekodex.manpowerhrms.OnlineMessagingService"
116-->src\main\AndroidManifest.xml:93:13-51
117            android:exported="false" >
117-->src\main\AndroidManifest.xml:94:13-37
118            <intent-filter>
118-->src\main\AndroidManifest.xml:95:13-97:29
119                <action android:name="com.google.firebase.MESSAGING_EVENT" />
119-->src\main\AndroidManifest.xml:96:17-78
119-->src\main\AndroidManifest.xml:96:25-75
120            </intent-filter>
121        </service>
122        <service
122-->[com.google.firebase:firebase-messaging-ktx:24.0.1] AndroidManifest.xml:23:9-29:19
123            android:name="com.google.firebase.components.ComponentDiscoveryService"
123-->[com.google.firebase:firebase-messaging-ktx:24.0.1] AndroidManifest.xml:24:13-84
124            android:directBootAware="true"
124-->[com.google.firebase:firebase-common:21.0.0] AndroidManifest.xml:32:13-43
125            android:exported="false" >
125-->[com.google.firebase:firebase-messaging-ktx:24.0.1] AndroidManifest.xml:25:13-37
126            <meta-data
126-->[com.google.firebase:firebase-messaging-ktx:24.0.1] AndroidManifest.xml:26:13-28:85
127                android:name="com.google.firebase.components:com.google.firebase.messaging.ktx.FirebaseMessagingLegacyRegistrar"
127-->[com.google.firebase:firebase-messaging-ktx:24.0.1] AndroidManifest.xml:27:17-129
128                android:value="com.google.firebase.components.ComponentRegistrar" />
128-->[com.google.firebase:firebase-messaging-ktx:24.0.1] AndroidManifest.xml:28:17-82
129            <meta-data
129-->[com.google.firebase:firebase-messaging:24.0.1] AndroidManifest.xml:57:13-59:85
130                android:name="com.google.firebase.components:com.google.firebase.messaging.FirebaseMessagingKtxRegistrar"
130-->[com.google.firebase:firebase-messaging:24.0.1] AndroidManifest.xml:58:17-122
131                android:value="com.google.firebase.components.ComponentRegistrar" />
131-->[com.google.firebase:firebase-messaging:24.0.1] AndroidManifest.xml:59:17-82
132            <meta-data
132-->[com.google.firebase:firebase-messaging:24.0.1] AndroidManifest.xml:60:13-62:85
133                android:name="com.google.firebase.components:com.google.firebase.messaging.FirebaseMessagingRegistrar"
133-->[com.google.firebase:firebase-messaging:24.0.1] AndroidManifest.xml:61:17-119
134                android:value="com.google.firebase.components.ComponentRegistrar" />
134-->[com.google.firebase:firebase-messaging:24.0.1] AndroidManifest.xml:62:17-82
135            <meta-data
135-->[com.google.android.gms:play-services-measurement-api:21.1.1] AndroidManifest.xml:31:13-33:85
136                android:name="com.google.firebase.components:com.google.firebase.analytics.connector.internal.AnalyticsConnectorRegistrar"
136-->[com.google.android.gms:play-services-measurement-api:21.1.1] AndroidManifest.xml:32:17-139
137                android:value="com.google.firebase.components.ComponentRegistrar" />
137-->[com.google.android.gms:play-services-measurement-api:21.1.1] AndroidManifest.xml:33:17-82
138            <meta-data
138-->[com.google.firebase:firebase-installations:17.2.0] AndroidManifest.xml:15:13-17:85
139                android:name="com.google.firebase.components:com.google.firebase.installations.FirebaseInstallationsKtxRegistrar"
139-->[com.google.firebase:firebase-installations:17.2.0] AndroidManifest.xml:16:17-130
140                android:value="com.google.firebase.components.ComponentRegistrar" />
140-->[com.google.firebase:firebase-installations:17.2.0] AndroidManifest.xml:17:17-82
141            <meta-data
141-->[com.google.firebase:firebase-installations:17.2.0] AndroidManifest.xml:18:13-20:85
142                android:name="com.google.firebase.components:com.google.firebase.installations.FirebaseInstallationsRegistrar"
142-->[com.google.firebase:firebase-installations:17.2.0] AndroidManifest.xml:19:17-127
143                android:value="com.google.firebase.components.ComponentRegistrar" />
143-->[com.google.firebase:firebase-installations:17.2.0] AndroidManifest.xml:20:17-82
144            <meta-data
144-->[com.google.firebase:firebase-common-ktx:21.0.0] AndroidManifest.xml:12:13-14:85
145                android:name="com.google.firebase.components:com.google.firebase.ktx.FirebaseCommonLegacyRegistrar"
145-->[com.google.firebase:firebase-common-ktx:21.0.0] AndroidManifest.xml:13:17-116
146                android:value="com.google.firebase.components.ComponentRegistrar" />
146-->[com.google.firebase:firebase-common-ktx:21.0.0] AndroidManifest.xml:14:17-82
147            <meta-data
147-->[com.google.firebase:firebase-common:21.0.0] AndroidManifest.xml:35:13-37:85
148                android:name="com.google.firebase.components:com.google.firebase.FirebaseCommonKtxRegistrar"
148-->[com.google.firebase:firebase-common:21.0.0] AndroidManifest.xml:36:17-109
149                android:value="com.google.firebase.components.ComponentRegistrar" />
149-->[com.google.firebase:firebase-common:21.0.0] AndroidManifest.xml:37:17-82
150            <meta-data
150-->[com.google.firebase:firebase-datatransport:18.2.0] AndroidManifest.xml:25:13-27:85
151                android:name="com.google.firebase.components:com.google.firebase.datatransport.TransportRegistrar"
151-->[com.google.firebase:firebase-datatransport:18.2.0] AndroidManifest.xml:26:17-115
152                android:value="com.google.firebase.components.ComponentRegistrar" />
152-->[com.google.firebase:firebase-datatransport:18.2.0] AndroidManifest.xml:27:17-82
153        </service>
154
155        <receiver
155-->[com.google.firebase:firebase-messaging:24.0.1] AndroidManifest.xml:29:9-40:20
156            android:name="com.google.firebase.iid.FirebaseInstanceIdReceiver"
156-->[com.google.firebase:firebase-messaging:24.0.1] AndroidManifest.xml:30:13-78
157            android:exported="true"
157-->[com.google.firebase:firebase-messaging:24.0.1] AndroidManifest.xml:31:13-36
158            android:permission="com.google.android.c2dm.permission.SEND" >
158-->[com.google.firebase:firebase-messaging:24.0.1] AndroidManifest.xml:32:13-73
159            <intent-filter>
159-->[com.google.firebase:firebase-messaging:24.0.1] AndroidManifest.xml:33:13-35:29
160                <action android:name="com.google.android.c2dm.intent.RECEIVE" />
160-->[com.google.firebase:firebase-messaging:24.0.1] AndroidManifest.xml:34:17-81
160-->[com.google.firebase:firebase-messaging:24.0.1] AndroidManifest.xml:34:25-78
161            </intent-filter>
162
163            <meta-data
163-->[com.google.firebase:firebase-messaging:24.0.1] AndroidManifest.xml:37:13-39:40
164                android:name="com.google.android.gms.cloudmessaging.FINISHED_AFTER_HANDLED"
164-->[com.google.firebase:firebase-messaging:24.0.1] AndroidManifest.xml:38:17-92
165                android:value="true" />
165-->[com.google.firebase:firebase-messaging:24.0.1] AndroidManifest.xml:39:17-37
166        </receiver>
167        <!--
168             FirebaseMessagingService performs security checks at runtime,
169             but set to not exported to explicitly avoid allowing another app to call it.
170        -->
171        <service
171-->[com.google.firebase:firebase-messaging:24.0.1] AndroidManifest.xml:46:9-53:19
172            android:name="com.google.firebase.messaging.FirebaseMessagingService"
172-->[com.google.firebase:firebase-messaging:24.0.1] AndroidManifest.xml:47:13-82
173            android:directBootAware="true"
173-->[com.google.firebase:firebase-messaging:24.0.1] AndroidManifest.xml:48:13-43
174            android:exported="false" >
174-->[com.google.firebase:firebase-messaging:24.0.1] AndroidManifest.xml:49:13-37
175            <intent-filter android:priority="-500" >
175-->src\main\AndroidManifest.xml:95:13-97:29
176                <action android:name="com.google.firebase.MESSAGING_EVENT" />
176-->src\main\AndroidManifest.xml:96:17-78
176-->src\main\AndroidManifest.xml:96:25-75
177            </intent-filter>
178        </service>
179
180        <provider
180-->[com.github.dhaval2404:imagepicker:2.1] AndroidManifest.xml:31:9-39:20
181            android:name="com.github.dhaval2404.imagepicker.ImagePickerFileProvider"
181-->[com.github.dhaval2404:imagepicker:2.1] AndroidManifest.xml:32:13-85
182            android:authorities="com.ekodex.manpowerhrms.imagepicker.provider"
182-->[com.github.dhaval2404:imagepicker:2.1] AndroidManifest.xml:33:13-72
183            android:exported="false"
183-->[com.github.dhaval2404:imagepicker:2.1] AndroidManifest.xml:34:13-37
184            android:grantUriPermissions="true" >
184-->[com.github.dhaval2404:imagepicker:2.1] AndroidManifest.xml:35:13-47
185            <meta-data
185-->src\main\AndroidManifest.xml:87:13-89:57
186                android:name="android.support.FILE_PROVIDER_PATHS"
186-->src\main\AndroidManifest.xml:88:17-67
187                android:resource="@xml/image_picker_provider_paths" />
187-->src\main\AndroidManifest.xml:89:17-54
188        </provider>
189        <provider
189-->[androidx.emoji2:emoji2:1.2.0] AndroidManifest.xml:24:9-32:20
190            android:name="androidx.startup.InitializationProvider"
190-->[androidx.emoji2:emoji2:1.2.0] AndroidManifest.xml:25:13-67
191            android:authorities="com.ekodex.manpowerhrms.androidx-startup"
191-->[androidx.emoji2:emoji2:1.2.0] AndroidManifest.xml:26:13-68
192            android:exported="false" >
192-->[androidx.emoji2:emoji2:1.2.0] AndroidManifest.xml:27:13-37
193            <meta-data
193-->[androidx.emoji2:emoji2:1.2.0] AndroidManifest.xml:29:13-31:52
194                android:name="androidx.emoji2.text.EmojiCompatInitializer"
194-->[androidx.emoji2:emoji2:1.2.0] AndroidManifest.xml:30:17-75
195                android:value="androidx.startup" />
195-->[androidx.emoji2:emoji2:1.2.0] AndroidManifest.xml:31:17-49
196            <meta-data
196-->[androidx.lifecycle:lifecycle-process:2.6.2] AndroidManifest.xml:29:13-31:52
197                android:name="androidx.lifecycle.ProcessLifecycleInitializer"
197-->[androidx.lifecycle:lifecycle-process:2.6.2] AndroidManifest.xml:30:17-78
198                android:value="androidx.startup" />
198-->[androidx.lifecycle:lifecycle-process:2.6.2] AndroidManifest.xml:31:17-49
199            <meta-data
199-->[androidx.profileinstaller:profileinstaller:1.3.0] AndroidManifest.xml:29:13-31:52
200                android:name="androidx.profileinstaller.ProfileInstallerInitializer"
200-->[androidx.profileinstaller:profileinstaller:1.3.0] AndroidManifest.xml:30:17-85
201                android:value="androidx.startup" />
201-->[androidx.profileinstaller:profileinstaller:1.3.0] AndroidManifest.xml:31:17-49
202        </provider>
203
204        <service
204-->[com.google.android.gms:play-services-mlkit-text-recognition-common:19.0.0] AndroidManifest.xml:9:9-15:19
205            android:name="com.google.mlkit.common.internal.MlKitComponentDiscoveryService"
205-->[com.google.android.gms:play-services-mlkit-text-recognition-common:19.0.0] AndroidManifest.xml:10:13-91
206            android:directBootAware="true"
206-->[com.google.mlkit:common:18.8.0] AndroidManifest.xml:17:13-43
207            android:exported="false" >
207-->[com.google.android.gms:play-services-mlkit-text-recognition-common:19.0.0] AndroidManifest.xml:11:13-37
208            <meta-data
208-->[com.google.android.gms:play-services-mlkit-text-recognition-common:19.0.0] AndroidManifest.xml:12:13-14:85
209                android:name="com.google.firebase.components:com.google.mlkit.vision.text.internal.TextRegistrar"
209-->[com.google.android.gms:play-services-mlkit-text-recognition-common:19.0.0] AndroidManifest.xml:13:17-114
210                android:value="com.google.firebase.components.ComponentRegistrar" />
210-->[com.google.android.gms:play-services-mlkit-text-recognition-common:19.0.0] AndroidManifest.xml:14:17-82
211            <meta-data
211-->[com.google.mlkit:vision-common:17.3.0] AndroidManifest.xml:12:13-14:85
212                android:name="com.google.firebase.components:com.google.mlkit.vision.common.internal.VisionCommonRegistrar"
212-->[com.google.mlkit:vision-common:17.3.0] AndroidManifest.xml:13:17-124
213                android:value="com.google.firebase.components.ComponentRegistrar" />
213-->[com.google.mlkit:vision-common:17.3.0] AndroidManifest.xml:14:17-82
214            <meta-data
214-->[com.google.mlkit:common:18.8.0] AndroidManifest.xml:20:13-22:85
215                android:name="com.google.firebase.components:com.google.mlkit.common.internal.CommonComponentRegistrar"
215-->[com.google.mlkit:common:18.8.0] AndroidManifest.xml:21:17-120
216                android:value="com.google.firebase.components.ComponentRegistrar" />
216-->[com.google.mlkit:common:18.8.0] AndroidManifest.xml:22:17-82
217        </service>
218
219        <provider
219-->[com.google.mlkit:common:18.8.0] AndroidManifest.xml:9:9-13:38
220            android:name="com.google.mlkit.common.internal.MlKitInitProvider"
220-->[com.google.mlkit:common:18.8.0] AndroidManifest.xml:10:13-78
221            android:authorities="com.ekodex.manpowerhrms.mlkitinitprovider"
221-->[com.google.mlkit:common:18.8.0] AndroidManifest.xml:11:13-69
222            android:exported="false"
222-->[com.google.mlkit:common:18.8.0] AndroidManifest.xml:12:13-37
223            android:initOrder="99" />
223-->[com.google.mlkit:common:18.8.0] AndroidManifest.xml:13:13-35
224
225        <activity
225-->[com.google.android.gms:play-services-base:18.1.0] AndroidManifest.xml:20:9-22:45
226            android:name="com.google.android.gms.common.api.GoogleApiActivity"
226-->[com.google.android.gms:play-services-base:18.1.0] AndroidManifest.xml:20:19-85
227            android:exported="false"
227-->[com.google.android.gms:play-services-base:18.1.0] AndroidManifest.xml:22:19-43
228            android:theme="@android:style/Theme.Translucent.NoTitleBar" />
228-->[com.google.android.gms:play-services-base:18.1.0] AndroidManifest.xml:21:19-78
229
230        <provider
230-->[com.google.firebase:firebase-common:21.0.0] AndroidManifest.xml:23:9-28:39
231            android:name="com.google.firebase.provider.FirebaseInitProvider"
231-->[com.google.firebase:firebase-common:21.0.0] AndroidManifest.xml:24:13-77
232            android:authorities="com.ekodex.manpowerhrms.firebaseinitprovider"
232-->[com.google.firebase:firebase-common:21.0.0] AndroidManifest.xml:25:13-72
233            android:directBootAware="true"
233-->[com.google.firebase:firebase-common:21.0.0] AndroidManifest.xml:26:13-43
234            android:exported="false"
234-->[com.google.firebase:firebase-common:21.0.0] AndroidManifest.xml:27:13-37
235            android:initOrder="100" />
235-->[com.google.firebase:firebase-common:21.0.0] AndroidManifest.xml:28:13-36
236
237        <receiver
237-->[com.google.android.gms:play-services-measurement:21.1.1] AndroidManifest.xml:29:9-33:20
238            android:name="com.google.android.gms.measurement.AppMeasurementReceiver"
238-->[com.google.android.gms:play-services-measurement:21.1.1] AndroidManifest.xml:30:13-85
239            android:enabled="true"
239-->[com.google.android.gms:play-services-measurement:21.1.1] AndroidManifest.xml:31:13-35
240            android:exported="false" >
240-->[com.google.android.gms:play-services-measurement:21.1.1] AndroidManifest.xml:32:13-37
241        </receiver>
242
243        <service
243-->[com.google.android.gms:play-services-measurement:21.1.1] AndroidManifest.xml:35:9-38:40
244            android:name="com.google.android.gms.measurement.AppMeasurementService"
244-->[com.google.android.gms:play-services-measurement:21.1.1] AndroidManifest.xml:36:13-84
245            android:enabled="true"
245-->[com.google.android.gms:play-services-measurement:21.1.1] AndroidManifest.xml:37:13-35
246            android:exported="false" />
246-->[com.google.android.gms:play-services-measurement:21.1.1] AndroidManifest.xml:38:13-37
247        <service
247-->[com.google.android.gms:play-services-measurement:21.1.1] AndroidManifest.xml:39:9-43:72
248            android:name="com.google.android.gms.measurement.AppMeasurementJobService"
248-->[com.google.android.gms:play-services-measurement:21.1.1] AndroidManifest.xml:40:13-87
249            android:enabled="true"
249-->[com.google.android.gms:play-services-measurement:21.1.1] AndroidManifest.xml:41:13-35
250            android:exported="false"
250-->[com.google.android.gms:play-services-measurement:21.1.1] AndroidManifest.xml:42:13-37
251            android:permission="android.permission.BIND_JOB_SERVICE" />
251-->[com.google.android.gms:play-services-measurement:21.1.1] AndroidManifest.xml:43:13-69
252
253        <uses-library
253-->[androidx.window:window:1.0.0] AndroidManifest.xml:25:9-27:40
254            android:name="androidx.window.extensions"
254-->[androidx.window:window:1.0.0] AndroidManifest.xml:26:13-54
255            android:required="false" />
255-->[androidx.window:window:1.0.0] AndroidManifest.xml:27:13-37
256        <uses-library
256-->[androidx.window:window:1.0.0] AndroidManifest.xml:28:9-30:40
257            android:name="androidx.window.sidecar"
257-->[androidx.window:window:1.0.0] AndroidManifest.xml:29:13-51
258            android:required="false" />
258-->[androidx.window:window:1.0.0] AndroidManifest.xml:30:13-37
259
260        <meta-data
260-->[com.google.android.gms:play-services-basement:18.3.0] AndroidManifest.xml:21:9-23:69
261            android:name="com.google.android.gms.version"
261-->[com.google.android.gms:play-services-basement:18.3.0] AndroidManifest.xml:22:13-58
262            android:value="@integer/google_play_services_version" />
262-->[com.google.android.gms:play-services-basement:18.3.0] AndroidManifest.xml:23:13-66
263
264        <receiver
264-->[androidx.profileinstaller:profileinstaller:1.3.0] AndroidManifest.xml:34:9-52:20
265            android:name="androidx.profileinstaller.ProfileInstallReceiver"
265-->[androidx.profileinstaller:profileinstaller:1.3.0] AndroidManifest.xml:35:13-76
266            android:directBootAware="false"
266-->[androidx.profileinstaller:profileinstaller:1.3.0] AndroidManifest.xml:36:13-44
267            android:enabled="true"
267-->[androidx.profileinstaller:profileinstaller:1.3.0] AndroidManifest.xml:37:13-35
268            android:exported="true"
268-->[androidx.profileinstaller:profileinstaller:1.3.0] AndroidManifest.xml:38:13-36
269            android:permission="android.permission.DUMP" >
269-->[androidx.profileinstaller:profileinstaller:1.3.0] AndroidManifest.xml:39:13-57
270            <intent-filter>
270-->[androidx.profileinstaller:profileinstaller:1.3.0] AndroidManifest.xml:40:13-42:29
271                <action android:name="androidx.profileinstaller.action.INSTALL_PROFILE" />
271-->[androidx.profileinstaller:profileinstaller:1.3.0] AndroidManifest.xml:41:17-91
271-->[androidx.profileinstaller:profileinstaller:1.3.0] AndroidManifest.xml:41:25-88
272            </intent-filter>
273            <intent-filter>
273-->[androidx.profileinstaller:profileinstaller:1.3.0] AndroidManifest.xml:43:13-45:29
274                <action android:name="androidx.profileinstaller.action.SKIP_FILE" />
274-->[androidx.profileinstaller:profileinstaller:1.3.0] AndroidManifest.xml:44:17-85
274-->[androidx.profileinstaller:profileinstaller:1.3.0] AndroidManifest.xml:44:25-82
275            </intent-filter>
276            <intent-filter>
276-->[androidx.profileinstaller:profileinstaller:1.3.0] AndroidManifest.xml:46:13-48:29
277                <action android:name="androidx.profileinstaller.action.SAVE_PROFILE" />
277-->[androidx.profileinstaller:profileinstaller:1.3.0] AndroidManifest.xml:47:17-88
277-->[androidx.profileinstaller:profileinstaller:1.3.0] AndroidManifest.xml:47:25-85
278            </intent-filter>
279            <intent-filter>
279-->[androidx.profileinstaller:profileinstaller:1.3.0] AndroidManifest.xml:49:13-51:29
280                <action android:name="androidx.profileinstaller.action.BENCHMARK_OPERATION" />